2025-06-28 14:53:51,121;DEBUG;Listing audio device index: 0, name: b'tegra-hda: HDMI 0 (hw:0,3)', in_channels: 0
2025-06-28 14:53:51,122;DEBUG;Listing audio device index: 1, name: b'tegra-snd-t210ref-mobile-rt565x: - (hw:1,0)', in_channels: 16
2025-06-28 14:53:51,122;DEBUG;Listing audio device index: 2, name: b'tegra-snd-t210ref-mobile-rt565x: - (hw:1,1)', in_channels: 16
2025-06-28 14:53:51,123;DEBUG;Listing audio device index: 3, name: b'tegra-snd-t210ref-mobile-rt565x: - (hw:1,2)', in_channels: 16
2025-06-28 14:53:51,123;DEBUG;Listing audio device index: 4, name: b'tegra-snd-t210ref-mobile-rt565x: - (hw:1,3)', in_channels: 16
2025-06-28 14:53:51,124;DEBUG;Listing audio device index: 5, name: b'tegra-snd-t210ref-mobile-rt565x: - (hw:1,4)', in_channels: 16
2025-06-28 14:53:51,124;DEBUG;Listing audio device index: 6, name: b'tegra-snd-t210ref-mobile-rt565x: - (hw:1,5)', in_channels: 16
2025-06-28 14:53:51,125;DEBUG;Listing audio device index: 7, name: b'tegra-snd-t210ref-mobile-rt565x: - (hw:1,6)', in_channels: 16
2025-06-28 14:53:51,125;DEBUG;Listing audio device index: 8, name: b'tegra-snd-t210ref-mobile-rt565x: - (hw:1,7)', in_channels: 16
2025-06-28 14:53:51,126;DEBUG;Listing audio device index: 9, name: b'tegra-snd-t210ref-mobile-rt565x: - (hw:1,8)', in_channels: 16
2025-06-28 14:53:51,127;DEBUG;Listing audio device index: 10, name: b'tegra-snd-t210ref-mobile-rt565x: - (hw:1,9)', in_channels: 16
2025-06-28 14:53:51,128;DEBUG;Listing audio device index: 11, name: b'UMA16v2: USB Audio (hw:2,0)', in_channels: 16
2025-06-28 14:53:51,132;DEBUG;Listing audio device index: 12, name: b'hdmi', in_channels: 0
2025-06-28 14:53:51,133;DEBUG;Listing audio device index: 13, name: b'pulse', in_channels: 32
2025-06-28 14:53:51,133;DEBUG;Listing audio device index: 14, name: b'music', in_channels: 0
2025-06-28 14:53:51,133;DEBUG;Listing audio device index: 15, name: b'default', in_channels: 32
2025-06-28 14:53:51,134;DEBUG;Audio device channels: 32
2025-06-28 14:53:51,184;DEBUG;Recording audio 
2025-06-28 14:54:57,717;DEBUG;Quitting audio recording 
2025-06-28 14:54:57,722;DEBUG;Finished recording audio 
2025-06-28 15:12:29,341;DEBUG;Listing audio device index: 0, name: b'tegra-hda: HDMI 0 (hw:0,3)', in_channels: 0
2025-06-28 15:12:29,345;DEBUG;Listing audio device index: 1, name: b'tegra-snd-t210ref-mobile-rt565x: - (hw:1,0)', in_channels: 16
2025-06-28 15:12:29,346;DEBUG;Listing audio device index: 2, name: b'tegra-snd-t210ref-mobile-rt565x: - (hw:1,1)', in_channels: 16
2025-06-28 15:12:29,349;DEBUG;Listing audio device index: 3, name: b'tegra-snd-t210ref-mobile-rt565x: - (hw:1,2)', in_channels: 16
2025-06-28 15:12:29,350;DEBUG;Listing audio device index: 4, name: b'tegra-snd-t210ref-mobile-rt565x: - (hw:1,3)', in_channels: 16
2025-06-28 15:12:29,350;DEBUG;Listing audio device index: 5, name: b'tegra-snd-t210ref-mobile-rt565x: - (hw:1,4)', in_channels: 16
2025-06-28 15:12:29,351;DEBUG;Listing audio device index: 6, name: b'tegra-snd-t210ref-mobile-rt565x: - (hw:1,5)', in_channels: 16
2025-06-28 15:12:29,360;DEBUG;Listing audio device index: 7, name: b'tegra-snd-t210ref-mobile-rt565x: - (hw:1,6)', in_channels: 16
2025-06-28 15:12:29,362;DEBUG;Listing audio device index: 8, name: b'tegra-snd-t210ref-mobile-rt565x: - (hw:1,7)', in_channels: 16
2025-06-28 15:12:29,362;DEBUG;Listing audio device index: 9, name: b'tegra-snd-t210ref-mobile-rt565x: - (hw:1,8)', in_channels: 16
2025-06-28 15:12:29,363;DEBUG;Listing audio device index: 10, name: b'tegra-snd-t210ref-mobile-rt565x: - (hw:1,9)', in_channels: 16
2025-06-28 15:12:29,364;DEBUG;Listing audio device index: 11, name: b'UMA16v2: USB Audio (hw:2,0)', in_channels: 16
2025-06-28 15:12:29,365;DEBUG;Listing audio device index: 12, name: b'hdmi', in_channels: 0
2025-06-28 15:12:29,370;DEBUG;Listing audio device index: 13, name: b'pulse', in_channels: 32
2025-06-28 15:12:29,372;DEBUG;Listing audio device index: 14, name: b'music', in_channels: 0
2025-06-28 15:12:29,378;DEBUG;Listing audio device index: 15, name: b'default', in_channels: 32
2025-06-28 15:12:29,382;DEBUG;Audio device channels: 32
2025-06-28 15:12:29,430;DEBUG;Recording audio 
2025-06-28 15:12:43,374;DEBUG;Quitting audio recording 
2025-06-28 15:12:43,382;DEBUG;Finished recording audio 
2025-06-28 15:31:20,602;DEBUG;Recording audio 
2025-06-28 15:31:30,970;DEBUG;Quitting audio recording 
2025-06-28 15:31:30,978;DEBUG;Finished recording audio 
2025-06-28 15:32:31,882;DEBUG;Recording audio, press Ctrl+C to stop recording 
2025-06-28 15:32:46,793;DEBUG;Quitting audio recording 
2025-06-28 15:32:46,802;DEBUG;Finished recording audio 
2025-06-28 16:10:55,562;DEBUG;Recording audio, press Ctrl+C to stop recording 
2025-06-28 16:11:10,409;DEBUG;Quitting audio recording 
2025-06-28 16:11:10,418;DEBUG;Finished recording audio 
